{
  "stats": {
    "suites": 1,
    "tests": 1,
    "passes": 1,
    "pending": 0,
    "failures": 0,
    "start": "2020-04-18T17:40:11.254Z",
    "end": "2020-04-18T17:40:29.244Z",
    "duration": 17990,
    "testsRegistered": 1,
    "passPercent": 100,
    "pendingPercent": 0,
    "other": 0,
    "hasOther": false,
    "skipped": 0,
    "hasSkipped": false
  },
  "results": [
    {
      "uuid": "bc47b71b-dcd8-4a75-8394-f5154b025439",
      "title": "",
      "fullFile": "cypress/integration/examples/TestPageObject.js",
      "file": "cypress/integration/examples/TestPageObject.js",
      "beforeHooks": [],
      "afterHooks": [],
      "tests": [],
      "suites": [
        {
          "uuid": "2a8a7967-c583-4163-8299-4c4f951ade42",
          "title": "Test Framework Project",
          "fullFile": "",
          "file": "",
          "beforeHooks": [],
          "afterHooks": [],
          "tests": [
            {
              "title": "Section 9-14",
              "fullTitle": "Test Framework Project Section 9-14",
              "timedOut": null,
              "duration": 15090,
              "state": "passed",
              "speed": "slow",
              "pass": true,
              "fail": false,
              "pending": false,
              "context": null,
              "code": "//objects\nvar homePage = new _HomePage[\"default\"]();\nvar productPage = new _ProductPage[\"default\"]();\ncy.visit(Cypress.env('url'));\nhomePage.getEditBox().type(this.data.name);\nhomePage.getgender().select(this.data.gender);\nhomePage.gettwowaydataBinding().should('have.value', this.data.name);\nhomePage.getEditBox().should('have.attr', 'minlength', '2');\nhomePage.getEnterpreneur().should('be.disabled');\nCypress.config('defaultCommandTimeout', 8000);\nhomePage.getShopTab().click(); //Iertaing through a list of array from the json file\nthis.data.cartitems.forEach(function (element) {\n  //Using the common method from commands file \n  cy.selectProduct(element);\n});\nproductPage.checkoutButton().click();\nvar sum = 0; //Implementing sum of products functionality\ncy.get('tr td:nth-child(4) strong').each(function ($el, index, $list) {\n  var amount = $el.text();\n  var res = amount.split(\" \");\n  res = res[1].trim();\n  sum = Number(sum) + Number(res);\n}).then(function () {\n  cy.log(sum);\n});\ncy.get('h3 strong').then(function (element) {\n  var amount = element.text();\n  var res = amount.split(\" \");\n  var total = res[1].trim();\n  expect(Number(total)).to.equal(sum);\n});\ncy.contains('Checkout').click();\ncy.get('#country').type('India');\ncy.get('.suggestions > ul > li > a').click();\ncy.get('#checkbox2').click({\n  force: true\n});\ncy.get('input[type=\"submit\"]').click();\ncy.get('.alert').then(function (element) {\n  var actualText = element.text();\n  if (actualText.includes(\"Success\")) {\n    expect(actualText.includes(\"Success\")).to.be[\"true\"];\n  }\n});",
              "err": {},
              "uuid": "af7b416f-2447-49c0-bd02-f0b7709bf0d4",
              "parentUUID": "2a8a7967-c583-4163-8299-4c4f951ade42",
              "isHook": false,
              "skipped": false
            }
          ],
          "suites": [],
          "passes": [
            "af7b416f-2447-49c0-bd02-f0b7709bf0d4"
          ],
          "failures": [],
          "pending": [],
          "skipped": [],
          "duration": 15090,
          "root": false,
          "rootEmpty": false,
          "_timeout": 2000
        }
      ],
      "passes": [],
      "failures": [],
      "pending": [],
      "skipped": [],
      "duration": 0,
      "root": true,
      "rootEmpty": true,
      "_timeout": 2000
    }
  ],
  "meta": {
    "mocha": {
      "version": "7.1.1"
    },
    "mochawesome": {
      "options": {
        "quiet": false,
        "reportFilename": "mochawesome",
        "saveHtml": true,
        "saveJson": true,
        "consoleReporter": "spec",
        "useInlineDiffs": false,
        "code": true
      },
      "version": "6.1.0"
    },
    "marge": {
      "options": {},
      "version": "5.1.0"
    }
  }
}